  [1m[35m (4200.4ms)[0m  [1m[35mCREATE DATABASE "hello_rails_back_end_development" ENCODING = 'unicode'[0m
  [1m[35m (802.6ms)[0m  [1m[35mCREATE DATABASE "hello_rails_back_end_test" ENCODING = 'unicode'[0m
  [1m[35m (344.3ms)[0m  [1m[35mCREATE TABLE "schema_migrations" ("version" character varying NOT NULL PRIMARY KEY)[0m
  [1m[35m (194.6ms)[0m  [1m[35mCREATE TABLE "ar_internal_metadata" ("key" character varying NOT NULL PRIMARY KEY, "value" character varying, "created_at" timestamp(6) NOT NULL, "updated_at" timestamp(6) NOT NULL)[0m
  [1m[35m (27.1ms)[0m  [1m[34mSELECT pg_try_advisory_lock(3369180297042482685)[0m
  [1m[36mActiveRecord::SchemaMigration Pluck (1.8ms)[0m  [1m[34mSELECT "schema_migrations"."version" FROM "schema_migrations" ORDER BY "schema_migrations"."version" ASC[0m
Migrating to CreateMessages (20230926211036)
  [1m[36mTRANSACTION (0.4ms)[0m  [1m[35mBEGIN[0m
  [1m[35m (171.6ms)[0m  [1m[35mCREATE TABLE "messages" ("id" bigserial primary key, "language" character varying, "greeting" text, "created_at" timestamp(6) NOT NULL, "updated_at" timestamp(6) NOT NULL)[0m
  [1m[36mActiveRecord::SchemaMigration Create (85.1ms)[0m  [1m[32mINSERT INTO "schema_migrations" ("version") VALUES ($1) RETURNING "version"[0m  [["version", "20230926211036"]]
  [1m[36mTRANSACTION (0.5ms)[0m  [1m[35mCOMMIT[0m
  [1m[36mActiveRecord::InternalMetadata Load (1.3ms)[0m  [1m[34mSELECT "ar_internal_metadata".* FROM "ar_internal_metadata" WHERE "ar_internal_metadata"."key" = $1 LIMIT $2[0m  [["key", "environment"], ["LIMIT", 1]]
  [1m[36mTRANSACTION (0.2ms)[0m  [1m[35mBEGIN[0m
  [1m[36mActiveRecord::InternalMetadata Create (39.1ms)[0m  [1m[32mINSERT INTO "ar_internal_metadata" ("key", "value", "created_at", "updated_at") VALUES ($1, $2, $3, $4) RETURNING "key"[0m  [["key", "environment"], ["value", "development"], ["created_at", "2023-09-28 20:30:01.539617"], ["updated_at", "2023-09-28 20:30:01.539617"]]
  [1m[36mTRANSACTION (0.4ms)[0m  [1m[35mCOMMIT[0m
  [1m[35m (0.4ms)[0m  [1m[34mSELECT pg_advisory_unlock(3369180297042482685)[0m
  [1m[36mActiveRecord::SchemaMigration Pluck (1.9ms)[0m  [1m[34mSELECT "schema_migrations"."version" FROM "schema_migrations" ORDER BY "schema_migrations"."version" ASC[0m
  [1m[35m (2.1ms)[0m  [1m[34mSELECT pg_try_advisory_lock(3369180297042482685)[0m
  [1m[36mActiveRecord::SchemaMigration Pluck (2.4ms)[0m  [1m[34mSELECT "schema_migrations"."version" FROM "schema_migrations" ORDER BY "schema_migrations"."version" ASC[0m
  [1m[36mActiveRecord::InternalMetadata Load (9.6ms)[0m  [1m[34mSELECT "ar_internal_metadata".* FROM "ar_internal_metadata" WHERE "ar_internal_metadata"."key" = $1 LIMIT $2[0m  [["key", "environment"], ["LIMIT", 1]]
  [1m[35m (0.3ms)[0m  [1m[34mSELECT pg_advisory_unlock(3369180297042482685)[0m
  [1m[36mActiveRecord::SchemaMigration Pluck (2.2ms)[0m  [1m[34mSELECT "schema_migrations"."version" FROM "schema_migrations" ORDER BY "schema_migrations"."version" ASC[0m
  [1m[36mActiveRecord::SchemaMigration Pluck (1.8ms)[0m  [1m[34mSELECT "schema_migrations"."version" FROM "schema_migrations" ORDER BY "schema_migrations"."version" ASC[0m
  [1m[36mTRANSACTION (0.2ms)[0m  [1m[35mBEGIN[0m
  [1m[36mMessage Create (649.9ms)[0m  [1m[32mINSERT INTO "messages" ("language", "greeting", "created_at", "updated_at") VALUES ($1, $2, $3, $4) RETURNING "id"[0m  [["language", "English"], ["greeting", "Hello"], ["created_at", "2023-09-28 22:00:04.953229"], ["updated_at", "2023-09-28 22:00:04.953229"]]
  [1m[36mTRANSACTION (6.6ms)[0m  [1m[35mCOMMIT[0m
  [1m[36mTRANSACTION (1.2ms)[0m  [1m[35mBEGIN[0m
  [1m[36mMessage Create (2.6ms)[0m  [1m[32mINSERT INTO "messages" ("language", "greeting", "created_at", "updated_at") VALUES ($1, $2, $3, $4) RETURNING "id"[0m  [["language", "Spanish"], ["greeting", "Hola"], ["created_at", "2023-09-28 22:00:05.647217"], ["updated_at", "2023-09-28 22:00:05.647217"]]
  [1m[36mTRANSACTION (3.0ms)[0m  [1m[35mCOMMIT[0m
  [1m[36mTRANSACTION (1.0ms)[0m  [1m[35mBEGIN[0m
  [1m[36mMessage Create (15.9ms)[0m  [1m[32mINSERT INTO "messages" ("language", "greeting", "created_at", "updated_at") VALUES ($1, $2, $3, $4) RETURNING "id"[0m  [["language", "French"], ["greeting", "Bonjour"], ["created_at", "2023-09-28 22:00:05.965286"], ["updated_at", "2023-09-28 22:00:05.965286"]]
  [1m[36mTRANSACTION (2.0ms)[0m  [1m[35mCOMMIT[0m
  [1m[36mTRANSACTION (1.0ms)[0m  [1m[35mBEGIN[0m
  [1m[36mMessage Create (0.5ms)[0m  [1m[32mINSERT INTO "messages" ("language", "greeting", "created_at", "updated_at") VALUES ($1, $2, $3, $4) RETURNING "id"[0m  [["language", "German"], ["greeting", "Hallo"], ["created_at", "2023-09-28 22:00:06.549440"], ["updated_at", "2023-09-28 22:00:06.549440"]]
  [1m[36mTRANSACTION (1.2ms)[0m  [1m[35mCOMMIT[0m
  [1m[36mTRANSACTION (0.3ms)[0m  [1m[35mBEGIN[0m
  [1m[36mMessage Create (0.5ms)[0m  [1m[32mINSERT INTO "messages" ("language", "greeting", "created_at", "updated_at") VALUES ($1, $2, $3, $4) RETURNING "id"[0m  [["language", "Italian"], ["greeting", "Ciao"], ["created_at", "2023-09-28 22:00:06.907992"], ["updated_at", "2023-09-28 22:00:06.907992"]]
  [1m[36mTRANSACTION (0.4ms)[0m  [1m[35mCOMMIT[0m
Started GET "/" for ::1 at 2023-09-29 01:17:35 +0300
  [1m[36mActiveRecord::SchemaMigration Pluck (2.3ms)[0m  [1m[34mSELECT "schema_migrations"."version" FROM "schema_migrations" ORDER BY "schema_migrations"."version" ASC[0m
  
ActionController::RoutingError (uninitialized constant RootController):
  
Started GET "/" for ::1 at 2023-09-29 01:17:55 +0300
  
ActionController::RoutingError (uninitialized constant RootController):
  
Started GET "/api/random_greeting" for ::1 at 2023-09-29 01:18:12 +0300
Processing by Api::MessagesController#random_greeting as HTML
  [1m[36mMessage Load (194.0ms)[0m  [1m[34mSELECT "messages".* FROM "messages" ORDER BY RANDOM() LIMIT $1[0m  [["LIMIT", 1]]
  ↳ app/controllers/api/messages_controller.rb:3:in `random_greeting'
Completed 200 OK in 2124ms (Views: 221.7ms | ActiveRecord: 1135.8ms | Allocations: 8443)


Started GET "/api/random_greeting" for ::1 at 2023-09-29 01:18:38 +0300
Processing by Api::MessagesController#random_greeting as HTML
  [1m[36mMessage Load (0.4ms)[0m  [1m[34mSELECT "messages".* FROM "messages" ORDER BY RANDOM() LIMIT $1[0m  [["LIMIT", 1]]
  ↳ app/controllers/api/messages_controller.rb:3:in `random_greeting'
Completed 200 OK in 7ms (Views: 0.2ms | ActiveRecord: 0.4ms | Allocations: 747)


Started GET "/api/random_greeting" for ::1 at 2023-09-29 01:19:08 +0300
Processing by Api::MessagesController#random_greeting as HTML
  [1m[36mMessage Load (0.3ms)[0m  [1m[34mSELECT "messages".* FROM "messages" ORDER BY RANDOM() LIMIT $1[0m  [["LIMIT", 1]]
  ↳ app/controllers/api/messages_controller.rb:3:in `random_greeting'
Completed 200 OK in 7ms (Views: 0.4ms | ActiveRecord: 0.3ms | Allocations: 760)


Started GET "/api/random_greeting" for ::1 at 2023-09-29 01:19:18 +0300
Processing by Api::MessagesController#random_greeting as HTML
  [1m[36mMessage Load (0.3ms)[0m  [1m[34mSELECT "messages".* FROM "messages" ORDER BY RANDOM() LIMIT $1[0m  [["LIMIT", 1]]
  ↳ app/controllers/api/messages_controller.rb:3:in `random_greeting'
Completed 200 OK in 6ms (Views: 0.1ms | ActiveRecord: 0.3ms | Allocations: 745)


Started GET "/api/random_greeting" for ::1 at 2023-09-29 01:21:20 +0300
Processing by Api::MessagesController#random_greeting as HTML
  [1m[36mMessage Load (0.6ms)[0m  [1m[34mSELECT "messages".* FROM "messages" ORDER BY RANDOM() LIMIT $1[0m  [["LIMIT", 1]]
  ↳ app/controllers/api/messages_controller.rb:3:in `random_greeting'
Completed 200 OK in 8ms (Views: 0.2ms | ActiveRecord: 0.6ms | Allocations: 745)


Started GET "/api/random_greeting" for ::1 at 2023-09-29 01:37:11 +0300
Processing by Api::MessagesController#random_greeting as HTML
  [1m[36mMessage Load (1.9ms)[0m  [1m[34mSELECT "messages".* FROM "messages" ORDER BY RANDOM() LIMIT $1[0m  [["LIMIT", 1]]
  ↳ app/controllers/api/messages_controller.rb:3:in `random_greeting'
Completed 200 OK in 108ms (Views: 0.2ms | ActiveRecord: 13.1ms | Allocations: 3709)


Started GET "/api/random_greeting" for ::1 at 2023-09-29 01:39:33 +0300
  [1m[36mActiveRecord::SchemaMigration Pluck (2.0ms)[0m  [1m[34mSELECT "schema_migrations"."version" FROM "schema_migrations" ORDER BY "schema_migrations"."version" ASC[0m
Processing by Api::MessagesController#random_greeting as HTML
  [1m[36mMessage Load (2.2ms)[0m  [1m[34mSELECT "messages".* FROM "messages" ORDER BY RANDOM() LIMIT $1[0m  [["LIMIT", 1]]
  ↳ app/controllers/api/messages_controller.rb:3:in `random_greeting'
Completed 200 OK in 98ms (Views: 0.3ms | ActiveRecord: 7.9ms | Allocations: 7795)


Started GET "/ws" for ::1 at 2023-09-29 19:32:03 +0300
  [1m[36mActiveRecord::SchemaMigration Pluck (117.3ms)[0m  [1m[34mSELECT "schema_migrations"."version" FROM "schema_migrations" ORDER BY "schema_migrations"."version" ASC[0m
  
ActionController::RoutingError (No route matches [GET] "/ws"):
  
Started GET "/ws" for ::1 at 2023-09-29 19:36:32 +0300
  
ActionController::RoutingError (No route matches [GET] "/ws"):
  
Started GET "//api/random_greeting" for 127.0.0.1 at 2023-09-29 19:37:53 +0300
Processing by Api::MessagesController#random_greeting as HTML
  [1m[36mMessage Load (540.9ms)[0m  [1m[34mSELECT "messages".* FROM "messages" ORDER BY RANDOM() LIMIT $1[0m  [["LIMIT", 1]]
  ↳ app/controllers/api/messages_controller.rb:3:in `random_greeting'
Completed 200 OK in 1759ms (Views: 148.9ms | ActiveRecord: 976.2ms | Allocations: 7871)


Started GET "//api/random_greeting" for 127.0.0.1 at 2023-09-29 20:10:28 +0300
Started GET "//api/random_greeting" for 127.0.0.1 at 2023-09-29 20:10:29 +0300
  [1m[36mActiveRecord::SchemaMigration Pluck (9.7ms)[0m  [1m[34mSELECT "schema_migrations"."version" FROM "schema_migrations" ORDER BY "schema_migrations"."version" ASC[0m
Processing by Api::MessagesController#random_greeting as HTML
Processing by Api::MessagesController#random_greeting as HTML
  [1m[36mMessage Load (146.8ms)[0m  [1m[34mSELECT "messages".* FROM "messages" ORDER BY RANDOM() LIMIT $1[0m  [["LIMIT", 1]]
  ↳ app/controllers/api/messages_controller.rb:3:in `random_greeting'
  [1m[36mMessage Load (2.5ms)[0m  [1m[34mSELECT "messages".* FROM "messages" ORDER BY RANDOM() LIMIT $1[0m  [["LIMIT", 1]]
  ↳ app/controllers/api/messages_controller.rb:3:in `random_greeting'
Completed 200 OK in 512ms (Views: 0.2ms | ActiveRecord: 283.5ms | Allocations: 11436)


Completed 200 OK in 500ms (Views: 0.1ms | ActiveRecord: 86.1ms | Allocations: 11627)


Started GET "//api/random_greeting" for 127.0.0.1 at 2023-09-29 20:10:35 +0300
Processing by Api::MessagesController#random_greeting as HTML
  [1m[36mMessage Load (0.4ms)[0m  [1m[34mSELECT "messages".* FROM "messages" ORDER BY RANDOM() LIMIT $1[0m  [["LIMIT", 1]]
  ↳ app/controllers/api/messages_controller.rb:3:in `random_greeting'
Completed 200 OK in 7ms (Views: 0.2ms | ActiveRecord: 0.4ms | Allocations: 762)


Started GET "//api/random_greeting" for 127.0.0.1 at 2023-09-29 20:10:35 +0300
Processing by Api::MessagesController#random_greeting as HTML
  [1m[36mMessage Load (0.5ms)[0m  [1m[34mSELECT "messages".* FROM "messages" ORDER BY RANDOM() LIMIT $1[0m  [["LIMIT", 1]]
  ↳ app/controllers/api/messages_controller.rb:3:in `random_greeting'
Completed 200 OK in 11ms (Views: 0.2ms | ActiveRecord: 0.5ms | Allocations: 746)


Started GET "//api/random_greeting" for 127.0.0.1 at 2023-09-29 20:10:43 +0300
Processing by Api::MessagesController#random_greeting as HTML
  [1m[36mMessage Load (0.4ms)[0m  [1m[34mSELECT "messages".* FROM "messages" ORDER BY RANDOM() LIMIT $1[0m  [["LIMIT", 1]]
  ↳ app/controllers/api/messages_controller.rb:3:in `random_greeting'
Completed 200 OK in 8ms (Views: 1.6ms | ActiveRecord: 0.4ms | Allocations: 761)


Started GET "//api/random_greeting" for 127.0.0.1 at 2023-09-29 20:10:44 +0300
Processing by Api::MessagesController#random_greeting as HTML
  [1m[36mMessage Load (0.3ms)[0m  [1m[34mSELECT "messages".* FROM "messages" ORDER BY RANDOM() LIMIT $1[0m  [["LIMIT", 1]]
  ↳ app/controllers/api/messages_controller.rb:3:in `random_greeting'
Completed 200 OK in 6ms (Views: 0.2ms | ActiveRecord: 0.3ms | Allocations: 761)


Started GET "//api/random_greeting" for 127.0.0.1 at 2023-09-29 20:10:44 +0300
Processing by Api::MessagesController#random_greeting as HTML
  [1m[36mMessage Load (0.3ms)[0m  [1m[34mSELECT "messages".* FROM "messages" ORDER BY RANDOM() LIMIT $1[0m  [["LIMIT", 1]]
  ↳ app/controllers/api/messages_controller.rb:3:in `random_greeting'
Completed 200 OK in 8ms (Views: 0.3ms | ActiveRecord: 0.3ms | Allocations: 746)


Started GET "//api/random_greeting" for 127.0.0.1 at 2023-09-29 20:10:45 +0300
Processing by Api::MessagesController#random_greeting as HTML
  [1m[36mMessage Load (0.3ms)[0m  [1m[34mSELECT "messages".* FROM "messages" ORDER BY RANDOM() LIMIT $1[0m  [["LIMIT", 1]]
  ↳ app/controllers/api/messages_controller.rb:3:in `random_greeting'
Completed 200 OK in 6ms (Views: 0.1ms | ActiveRecord: 0.3ms | Allocations: 746)


Started GET "//api/random_greeting" for 127.0.0.1 at 2023-09-29 20:10:45 +0300
Processing by Api::MessagesController#random_greeting as HTML
  [1m[36mMessage Load (0.5ms)[0m  [1m[34mSELECT "messages".* FROM "messages" ORDER BY RANDOM() LIMIT $1[0m  [["LIMIT", 1]]
  ↳ app/controllers/api/messages_controller.rb:3:in `random_greeting'
Completed 200 OK in 8ms (Views: 0.3ms | ActiveRecord: 0.5ms | Allocations: 746)


Started GET "//api/random_greeting" for 127.0.0.1 at 2023-09-29 20:10:45 +0300
Processing by Api::MessagesController#random_greeting as HTML
  [1m[36mMessage Load (0.3ms)[0m  [1m[34mSELECT "messages".* FROM "messages" ORDER BY RANDOM() LIMIT $1[0m  [["LIMIT", 1]]
  ↳ app/controllers/api/messages_controller.rb:3:in `random_greeting'
Completed 200 OK in 6ms (Views: 1.0ms | ActiveRecord: 0.3ms | Allocations: 746)


Started GET "//api/random_greeting" for 127.0.0.1 at 2023-09-29 20:10:46 +0300
Processing by Api::MessagesController#random_greeting as HTML
  [1m[36mMessage Load (0.3ms)[0m  [1m[34mSELECT "messages".* FROM "messages" ORDER BY RANDOM() LIMIT $1[0m  [["LIMIT", 1]]
  ↳ app/controllers/api/messages_controller.rb:3:in `random_greeting'
Completed 200 OK in 6ms (Views: 0.1ms | ActiveRecord: 0.3ms | Allocations: 746)


Started GET "//api/random_greeting" for 127.0.0.1 at 2023-09-29 20:10:46 +0300
Processing by Api::MessagesController#random_greeting as HTML
  [1m[36mMessage Load (0.4ms)[0m  [1m[34mSELECT "messages".* FROM "messages" ORDER BY RANDOM() LIMIT $1[0m  [["LIMIT", 1]]
  ↳ app/controllers/api/messages_controller.rb:3:in `random_greeting'
Completed 200 OK in 6ms (Views: 0.1ms | ActiveRecord: 0.4ms | Allocations: 746)


Started GET "//api/random_greeting" for 127.0.0.1 at 2023-09-29 20:10:46 +0300
Processing by Api::MessagesController#random_greeting as HTML
  [1m[36mMessage Load (0.3ms)[0m  [1m[34mSELECT "messages".* FROM "messages" ORDER BY RANDOM() LIMIT $1[0m  [["LIMIT", 1]]
  ↳ app/controllers/api/messages_controller.rb:3:in `random_greeting'
Completed 200 OK in 6ms (Views: 0.2ms | ActiveRecord: 0.3ms | Allocations: 746)


Started GET "//api/random_greeting" for 127.0.0.1 at 2023-09-29 20:10:49 +0300
Processing by Api::MessagesController#random_greeting as HTML
  [1m[36mMessage Load (0.3ms)[0m  [1m[34mSELECT "messages".* FROM "messages" ORDER BY RANDOM() LIMIT $1[0m  [["LIMIT", 1]]
  ↳ app/controllers/api/messages_controller.rb:3:in `random_greeting'
Completed 200 OK in 6ms (Views: 0.1ms | ActiveRecord: 0.3ms | Allocations: 746)


Started GET "//api/random_greeting" for 127.0.0.1 at 2023-09-29 20:10:49 +0300
Processing by Api::MessagesController#random_greeting as HTML
  [1m[36mMessage Load (0.3ms)[0m  [1m[34mSELECT "messages".* FROM "messages" ORDER BY RANDOM() LIMIT $1[0m  [["LIMIT", 1]]
  ↳ app/controllers/api/messages_controller.rb:3:in `random_greeting'
Completed 200 OK in 8ms (Views: 0.2ms | ActiveRecord: 0.3ms | Allocations: 746)


Started GET "//api/random_greeting" for 127.0.0.1 at 2023-09-29 20:10:49 +0300
Processing by Api::MessagesController#random_greeting as HTML
  [1m[36mMessage Load (0.3ms)[0m  [1m[34mSELECT "messages".* FROM "messages" ORDER BY RANDOM() LIMIT $1[0m  [["LIMIT", 1]]
  ↳ app/controllers/api/messages_controller.rb:3:in `random_greeting'
Completed 200 OK in 7ms (Views: 0.2ms | ActiveRecord: 0.3ms | Allocations: 746)


Started GET "//api/random_greeting" for 127.0.0.1 at 2023-09-29 20:10:50 +0300
Processing by Api::MessagesController#random_greeting as HTML
  [1m[36mMessage Load (0.3ms)[0m  [1m[34mSELECT "messages".* FROM "messages" ORDER BY RANDOM() LIMIT $1[0m  [["LIMIT", 1]]
  ↳ app/controllers/api/messages_controller.rb:3:in `random_greeting'
Completed 200 OK in 5ms (Views: 0.2ms | ActiveRecord: 0.3ms | Allocations: 746)


Started GET "//api/random_greeting" for 127.0.0.1 at 2023-09-29 20:10:50 +0300
Processing by Api::MessagesController#random_greeting as HTML
  [1m[36mMessage Load (0.4ms)[0m  [1m[34mSELECT "messages".* FROM "messages" ORDER BY RANDOM() LIMIT $1[0m  [["LIMIT", 1]]
  ↳ app/controllers/api/messages_controller.rb:3:in `random_greeting'
Completed 200 OK in 6ms (Views: 0.2ms | ActiveRecord: 0.4ms | Allocations: 746)


Started GET "//api/random_greeting" for 127.0.0.1 at 2023-09-29 20:10:50 +0300
Processing by Api::MessagesController#random_greeting as HTML
  [1m[36mMessage Load (1.6ms)[0m  [1m[34mSELECT "messages".* FROM "messages" ORDER BY RANDOM() LIMIT $1[0m  [["LIMIT", 1]]
  ↳ app/controllers/api/messages_controller.rb:3:in `random_greeting'
Completed 200 OK in 8ms (Views: 0.1ms | ActiveRecord: 1.6ms | Allocations: 746)


Started GET "//api/random_greeting" for 127.0.0.1 at 2023-09-29 20:10:52 +0300
Processing by Api::MessagesController#random_greeting as HTML
  [1m[36mMessage Load (0.3ms)[0m  [1m[34mSELECT "messages".* FROM "messages" ORDER BY RANDOM() LIMIT $1[0m  [["LIMIT", 1]]
  ↳ app/controllers/api/messages_controller.rb:3:in `random_greeting'
Completed 200 OK in 5ms (Views: 0.1ms | ActiveRecord: 0.3ms | Allocations: 746)


Started GET "//api/random_greeting" for 127.0.0.1 at 2023-09-29 20:10:52 +0300
Processing by Api::MessagesController#random_greeting as HTML
  [1m[36mMessage Load (0.3ms)[0m  [1m[34mSELECT "messages".* FROM "messages" ORDER BY RANDOM() LIMIT $1[0m  [["LIMIT", 1]]
  ↳ app/controllers/api/messages_controller.rb:3:in `random_greeting'
Completed 200 OK in 6ms (Views: 0.2ms | ActiveRecord: 0.3ms | Allocations: 746)


Started GET "//api/random_greeting" for 127.0.0.1 at 2023-09-29 20:10:52 +0300
Processing by Api::MessagesController#random_greeting as HTML
  [1m[36mMessage Load (0.3ms)[0m  [1m[34mSELECT "messages".* FROM "messages" ORDER BY RANDOM() LIMIT $1[0m  [["LIMIT", 1]]
  ↳ app/controllers/api/messages_controller.rb:3:in `random_greeting'
Completed 200 OK in 6ms (Views: 0.1ms | ActiveRecord: 0.3ms | Allocations: 746)


Started GET "//api/random_greeting" for 127.0.0.1 at 2023-09-29 20:11:22 +0300
Processing by Api::MessagesController#random_greeting as HTML
  [1m[36mMessage Load (0.3ms)[0m  [1m[34mSELECT "messages".* FROM "messages" ORDER BY RANDOM() LIMIT $1[0m  [["LIMIT", 1]]
  ↳ app/controllers/api/messages_controller.rb:3:in `random_greeting'
Completed 200 OK in 11ms (Views: 0.2ms | ActiveRecord: 0.3ms | Allocations: 746)


Started GET "//api/random_greeting" for 127.0.0.1 at 2023-09-29 20:11:22 +0300
Processing by Api::MessagesController#random_greeting as HTML
  [1m[36mMessage Load (0.4ms)[0m  [1m[34mSELECT "messages".* FROM "messages" ORDER BY RANDOM() LIMIT $1[0m  [["LIMIT", 1]]
  ↳ app/controllers/api/messages_controller.rb:3:in `random_greeting'
Completed 200 OK in 8ms (Views: 0.2ms | ActiveRecord: 0.4ms | Allocations: 746)


Started GET "//api/random_greeting" for 127.0.0.1 at 2023-09-29 20:11:22 +0300
Processing by Api::MessagesController#random_greeting as HTML
  [1m[36mMessage Load (0.3ms)[0m  [1m[34mSELECT "messages".* FROM "messages" ORDER BY RANDOM() LIMIT $1[0m  [["LIMIT", 1]]
  ↳ app/controllers/api/messages_controller.rb:3:in `random_greeting'
Completed 200 OK in 5ms (Views: 0.1ms | ActiveRecord: 0.3ms | Allocations: 746)


Started GET "//api/random_greeting" for 127.0.0.1 at 2023-09-29 20:11:24 +0300
Processing by Api::MessagesController#random_greeting as HTML
  [1m[36mMessage Load (0.5ms)[0m  [1m[34mSELECT "messages".* FROM "messages" ORDER BY RANDOM() LIMIT $1[0m  [["LIMIT", 1]]
  ↳ app/controllers/api/messages_controller.rb:3:in `random_greeting'
Completed 200 OK in 18ms (Views: 0.3ms | ActiveRecord: 0.5ms | Allocations: 746)


Started GET "//api/random_greeting" for 127.0.0.1 at 2023-09-29 20:11:24 +0300
Processing by Api::MessagesController#random_greeting as HTML
  [1m[36mMessage Load (0.4ms)[0m  [1m[34mSELECT "messages".* FROM "messages" ORDER BY RANDOM() LIMIT $1[0m  [["LIMIT", 1]]
  ↳ app/controllers/api/messages_controller.rb:3:in `random_greeting'
Completed 200 OK in 6ms (Views: 0.2ms | ActiveRecord: 0.4ms | Allocations: 746)


Started GET "//api/random_greeting" for 127.0.0.1 at 2023-09-29 20:11:25 +0300
Processing by Api::MessagesController#random_greeting as HTML
  [1m[36mMessage Load (0.3ms)[0m  [1m[34mSELECT "messages".* FROM "messages" ORDER BY RANDOM() LIMIT $1[0m  [["LIMIT", 1]]
  ↳ app/controllers/api/messages_controller.rb:3:in `random_greeting'
Completed 200 OK in 6ms (Views: 0.1ms | ActiveRecord: 0.3ms | Allocations: 746)


Started GET "//api/random_greeting" for 127.0.0.1 at 2023-09-29 20:11:25 +0300
Processing by Api::MessagesController#random_greeting as HTML
  [1m[36mMessage Load (0.4ms)[0m  [1m[34mSELECT "messages".* FROM "messages" ORDER BY RANDOM() LIMIT $1[0m  [["LIMIT", 1]]
  ↳ app/controllers/api/messages_controller.rb:3:in `random_greeting'
Completed 200 OK in 11ms (Views: 0.1ms | ActiveRecord: 0.4ms | Allocations: 746)


Started GET "//api/random_greeting" for 127.0.0.1 at 2023-09-29 20:11:25 +0300
Processing by Api::MessagesController#random_greeting as HTML
  [1m[36mMessage Load (0.3ms)[0m  [1m[34mSELECT "messages".* FROM "messages" ORDER BY RANDOM() LIMIT $1[0m  [["LIMIT", 1]]
  ↳ app/controllers/api/messages_controller.rb:3:in `random_greeting'
Completed 200 OK in 5ms (Views: 0.3ms | ActiveRecord: 0.3ms | Allocations: 746)


Started GET "//api/random_greeting" for 127.0.0.1 at 2023-09-29 20:12:28 +0300
Processing by Api::MessagesController#random_greeting as HTML
  [1m[36mMessage Load (0.5ms)[0m  [1m[34mSELECT "messages".* FROM "messages" ORDER BY RANDOM() LIMIT $1[0m  [["LIMIT", 1]]
  ↳ app/controllers/api/messages_controller.rb:3:in `random_greeting'
Completed 200 OK in 18ms (Views: 0.2ms | ActiveRecord: 0.5ms | Allocations: 746)


Started GET "//api/random_greeting" for 127.0.0.1 at 2023-09-29 20:12:29 +0300
Processing by Api::MessagesController#random_greeting as HTML
  [1m[36mMessage Load (0.3ms)[0m  [1m[34mSELECT "messages".* FROM "messages" ORDER BY RANDOM() LIMIT $1[0m  [["LIMIT", 1]]
  ↳ app/controllers/api/messages_controller.rb:3:in `random_greeting'
Completed 200 OK in 7ms (Views: 0.1ms | ActiveRecord: 0.3ms | Allocations: 769)


Started GET "//api/random_greeting" for 127.0.0.1 at 2023-09-29 20:12:29 +0300
Processing by Api::MessagesController#random_greeting as HTML
  [1m[36mMessage Load (0.4ms)[0m  [1m[34mSELECT "messages".* FROM "messages" ORDER BY RANDOM() LIMIT $1[0m  [["LIMIT", 1]]
  ↳ app/controllers/api/messages_controller.rb:3:in `random_greeting'
Completed 200 OK in 10ms (Views: 0.1ms | ActiveRecord: 0.4ms | Allocations: 746)


Started GET "//api/random_greeting" for 127.0.0.1 at 2023-09-29 20:16:11 +0300
Processing by Api::MessagesController#random_greeting as HTML
  [1m[36mMessage Load (0.4ms)[0m  [1m[34mSELECT "messages".* FROM "messages" ORDER BY RANDOM() LIMIT $1[0m  [["LIMIT", 1]]
  ↳ app/controllers/api/messages_controller.rb:3:in `random_greeting'
Completed 200 OK in 7ms (Views: 0.2ms | ActiveRecord: 0.4ms | Allocations: 746)


Started GET "//api/random_greeting" for 127.0.0.1 at 2023-09-29 20:16:34 +0300
Processing by Api::MessagesController#random_greeting as HTML
  [1m[36mMessage Load (0.3ms)[0m  [1m[34mSELECT "messages".* FROM "messages" ORDER BY RANDOM() LIMIT $1[0m  [["LIMIT", 1]]
  ↳ app/controllers/api/messages_controller.rb:3:in `random_greeting'
Completed 200 OK in 7ms (Views: 0.4ms | ActiveRecord: 0.3ms | Allocations: 746)


Started GET "//api/random_greeting" for 127.0.0.1 at 2023-09-29 20:16:35 +0300
Processing by Api::MessagesController#random_greeting as HTML
  [1m[36mMessage Load (0.7ms)[0m  [1m[34mSELECT "messages".* FROM "messages" ORDER BY RANDOM() LIMIT $1[0m  [["LIMIT", 1]]
  ↳ app/controllers/api/messages_controller.rb:3:in `random_greeting'
Completed 200 OK in 9ms (Views: 0.2ms | ActiveRecord: 0.7ms | Allocations: 746)


Started GET "//api/random_greeting" for 127.0.0.1 at 2023-09-29 20:16:35 +0300
Processing by Api::MessagesController#random_greeting as HTML
  [1m[36mMessage Load (0.4ms)[0m  [1m[34mSELECT "messages".* FROM "messages" ORDER BY RANDOM() LIMIT $1[0m  [["LIMIT", 1]]
  ↳ app/controllers/api/messages_controller.rb:3:in `random_greeting'
Completed 200 OK in 7ms (Views: 0.2ms | ActiveRecord: 0.4ms | Allocations: 746)


Started GET "//api/random_greeting" for 127.0.0.1 at 2023-09-29 20:20:06 +0300
Processing by Api::MessagesController#random_greeting as HTML
  [1m[36mMessage Load (0.6ms)[0m  [1m[34mSELECT "messages".* FROM "messages" ORDER BY RANDOM() LIMIT $1[0m  [["LIMIT", 1]]
  ↳ app/controllers/api/messages_controller.rb:3:in `random_greeting'
Completed 200 OK in 10ms (Views: 0.2ms | ActiveRecord: 0.6ms | Allocations: 746)


Started GET "//api/random_greeting" for 127.0.0.1 at 2023-09-29 20:20:06 +0300
Processing by Api::MessagesController#random_greeting as HTML
  [1m[36mMessage Load (0.3ms)[0m  [1m[34mSELECT "messages".* FROM "messages" ORDER BY RANDOM() LIMIT $1[0m  [["LIMIT", 1]]
  ↳ app/controllers/api/messages_controller.rb:3:in `random_greeting'
Completed 200 OK in 6ms (Views: 0.2ms | ActiveRecord: 0.3ms | Allocations: 746)


Started GET "//api/random_greeting" for 127.0.0.1 at 2023-09-29 20:21:58 +0300
  [1m[36mActiveRecord::SchemaMigration Pluck (1.8ms)[0m  [1m[34mSELECT "schema_migrations"."version" FROM "schema_migrations" ORDER BY "schema_migrations"."version" ASC[0m
Processing by Api::MessagesController#random_greeting as HTML
  [1m[36mMessage Load (1.8ms)[0m  [1m[34mSELECT "messages".* FROM "messages" ORDER BY RANDOM() LIMIT $1[0m  [["LIMIT", 1]]
  ↳ app/controllers/api/messages_controller.rb:3:in `random_greeting'
Completed 200 OK in 97ms (Views: 0.3ms | ActiveRecord: 7.8ms | Allocations: 7795)


Started GET "//api/random_greeting" for 127.0.0.1 at 2023-09-29 20:22:00 +0300
Processing by Api::MessagesController#random_greeting as HTML
  [1m[36mMessage Load (1.0ms)[0m  [1m[34mSELECT "messages".* FROM "messages" ORDER BY RANDOM() LIMIT $1[0m  [["LIMIT", 1]]
  ↳ app/controllers/api/messages_controller.rb:3:in `random_greeting'
Completed 200 OK in 11ms (Views: 0.1ms | ActiveRecord: 1.0ms | Allocations: 747)


Started GET "//api/random_greeting" for 127.0.0.1 at 2023-09-29 20:28:48 +0300
  [1m[36mActiveRecord::SchemaMigration Pluck (1.6ms)[0m  [1m[34mSELECT "schema_migrations"."version" FROM "schema_migrations" ORDER BY "schema_migrations"."version" ASC[0m
Processing by Api::MessagesController#random_greeting as HTML
  [1m[36mMessage Load (1.5ms)[0m  [1m[34mSELECT "messages".* FROM "messages" ORDER BY RANDOM() LIMIT $1[0m  [["LIMIT", 1]]
  ↳ app/controllers/api/messages_controller.rb:3:in `random_greeting'
Completed 200 OK in 46ms (Views: 0.4ms | ActiveRecord: 10.2ms | Allocations: 7795)


Started GET "//api/random_greeting" for 127.0.0.1 at 2023-09-29 20:28:49 +0300
Processing by Api::MessagesController#random_greeting as HTML
  [1m[36mMessage Load (0.4ms)[0m  [1m[34mSELECT "messages".* FROM "messages" ORDER BY RANDOM() LIMIT $1[0m  [["LIMIT", 1]]
  ↳ app/controllers/api/messages_controller.rb:3:in `random_greeting'
Completed 200 OK in 6ms (Views: 0.2ms | ActiveRecord: 0.4ms | Allocations: 747)


Started GET "//api/random_greeting" for 127.0.0.1 at 2023-09-29 20:28:49 +0300
Processing by Api::MessagesController#random_greeting as HTML
  [1m[36mMessage Load (0.3ms)[0m  [1m[34mSELECT "messages".* FROM "messages" ORDER BY RANDOM() LIMIT $1[0m  [["LIMIT", 1]]
  ↳ app/controllers/api/messages_controller.rb:3:in `random_greeting'
Completed 200 OK in 6ms (Views: 0.2ms | ActiveRecord: 0.3ms | Allocations: 746)


Started GET "//api/random_greeting" for 127.0.0.1 at 2023-09-29 20:28:50 +0300
Processing by Api::MessagesController#random_greeting as HTML
  [1m[36mMessage Load (0.3ms)[0m  [1m[34mSELECT "messages".* FROM "messages" ORDER BY RANDOM() LIMIT $1[0m  [["LIMIT", 1]]
  ↳ app/controllers/api/messages_controller.rb:3:in `random_greeting'
Completed 200 OK in 6ms (Views: 0.2ms | ActiveRecord: 0.3ms | Allocations: 762)


Started GET "//api/random_greeting" for 127.0.0.1 at 2023-09-29 20:28:50 +0300
Processing by Api::MessagesController#random_greeting as HTML
  [1m[36mMessage Load (0.4ms)[0m  [1m[34mSELECT "messages".* FROM "messages" ORDER BY RANDOM() LIMIT $1[0m  [["LIMIT", 1]]
  ↳ app/controllers/api/messages_controller.rb:3:in `random_greeting'
Completed 200 OK in 8ms (Views: 0.2ms | ActiveRecord: 0.4ms | Allocations: 761)


Started GET "//api/random_greeting" for 127.0.0.1 at 2023-09-29 20:28:50 +0300
Processing by Api::MessagesController#random_greeting as HTML
  [1m[36mMessage Load (0.3ms)[0m  [1m[34mSELECT "messages".* FROM "messages" ORDER BY RANDOM() LIMIT $1[0m  [["LIMIT", 1]]
  ↳ app/controllers/api/messages_controller.rb:3:in `random_greeting'
Completed 200 OK in 6ms (Views: 0.2ms | ActiveRecord: 0.3ms | Allocations: 746)


Started GET "//api/random_greeting" for 127.0.0.1 at 2023-09-29 20:29:52 +0300
Processing by Api::MessagesController#random_greeting as HTML
  [1m[36mMessage Load (0.4ms)[0m  [1m[34mSELECT "messages".* FROM "messages" ORDER BY RANDOM() LIMIT $1[0m  [["LIMIT", 1]]
  ↳ app/controllers/api/messages_controller.rb:3:in `random_greeting'
Completed 200 OK in 79ms (Views: 0.2ms | ActiveRecord: 0.4ms | Allocations: 761)


Started GET "//api/random_greeting" for 127.0.0.1 at 2023-09-29 20:29:53 +0300
Processing by Api::MessagesController#random_greeting as HTML
  [1m[36mMessage Load (0.3ms)[0m  [1m[34mSELECT "messages".* FROM "messages" ORDER BY RANDOM() LIMIT $1[0m  [["LIMIT", 1]]
  ↳ app/controllers/api/messages_controller.rb:3:in `random_greeting'
Completed 200 OK in 5ms (Views: 0.2ms | ActiveRecord: 0.3ms | Allocations: 746)


Started GET "//api/random_greeting" for 127.0.0.1 at 2023-09-29 20:32:21 +0300
  [1m[36mActiveRecord::SchemaMigration Pluck (2.3ms)[0m  [1m[34mSELECT "schema_migrations"."version" FROM "schema_migrations" ORDER BY "schema_migrations"."version" ASC[0m
Processing by Api::MessagesController#random_greeting as HTML
  [1m[36mMessage Load (2.1ms)[0m  [1m[34mSELECT "messages".* FROM "messages" ORDER BY RANDOM() LIMIT $1[0m  [["LIMIT", 1]]
  ↳ app/controllers/api/messages_controller.rb:3:in `random_greeting'
Completed 200 OK in 140ms (Views: 0.4ms | ActiveRecord: 12.6ms | Allocations: 7795)


Started GET "//api/random_greeting" for 127.0.0.1 at 2023-09-29 20:32:22 +0300
Processing by Api::MessagesController#random_greeting as HTML
Started GET "//api/random_greeting" for 127.0.0.1 at 2023-09-29 20:32:22 +0300
  [1m[36mMessage Load (0.5ms)[0m  [1m[34mSELECT "messages".* FROM "messages" ORDER BY RANDOM() LIMIT $1[0m  [["LIMIT", 1]]
  ↳ app/controllers/api/messages_controller.rb:3:in `random_greeting'
Completed 200 OK in 14ms (Views: 0.3ms | ActiveRecord: 0.5ms | Allocations: 1035)


Processing by Api::MessagesController#random_greeting as HTML
  [1m[36mMessage Load (0.5ms)[0m  [1m[34mSELECT "messages".* FROM "messages" ORDER BY RANDOM() LIMIT $1[0m  [["LIMIT", 1]]
  ↳ app/controllers/api/messages_controller.rb:3:in `random_greeting'
Completed 200 OK in 11ms (Views: 0.2ms | ActiveRecord: 0.5ms | Allocations: 761)


Started GET "//api/random_greeting" for 127.0.0.1 at 2023-09-29 20:32:23 +0300
Processing by Api::MessagesController#random_greeting as HTML
  [1m[36mMessage Load (0.4ms)[0m  [1m[34mSELECT "messages".* FROM "messages" ORDER BY RANDOM() LIMIT $1[0m  [["LIMIT", 1]]
  ↳ app/controllers/api/messages_controller.rb:3:in `random_greeting'
Completed 200 OK in 11ms (Views: 0.2ms | ActiveRecord: 0.4ms | Allocations: 761)


Started GET "//api/random_greeting" for 127.0.0.1 at 2023-09-29 20:32:24 +0300
Processing by Api::MessagesController#random_greeting as HTML
  [1m[36mMessage Load (0.5ms)[0m  [1m[34mSELECT "messages".* FROM "messages" ORDER BY RANDOM() LIMIT $1[0m  [["LIMIT", 1]]
  ↳ app/controllers/api/messages_controller.rb:3:in `random_greeting'
Completed 200 OK in 10ms (Views: 0.2ms | ActiveRecord: 0.5ms | Allocations: 761)


Started GET "//api/random_greeting" for 127.0.0.1 at 2023-09-29 20:32:24 +0300
Processing by Api::MessagesController#random_greeting as HTML
  [1m[36mMessage Load (0.5ms)[0m  [1m[34mSELECT "messages".* FROM "messages" ORDER BY RANDOM() LIMIT $1[0m  [["LIMIT", 1]]
  ↳ app/controllers/api/messages_controller.rb:3:in `random_greeting'
Completed 200 OK in 11ms (Views: 0.2ms | ActiveRecord: 0.5ms | Allocations: 746)


Started GET "//api/random_greeting" for 127.0.0.1 at 2023-09-29 20:32:25 +0300
Processing by Api::MessagesController#random_greeting as HTML
  [1m[36mMessage Load (0.6ms)[0m  [1m[34mSELECT "messages".* FROM "messages" ORDER BY RANDOM() LIMIT $1[0m  [["LIMIT", 1]]
  ↳ app/controllers/api/messages_controller.rb:3:in `random_greeting'
Completed 200 OK in 63ms (Views: 0.3ms | ActiveRecord: 0.6ms | Allocations: 746)


Started GET "//api/random_greeting" for 127.0.0.1 at 2023-09-29 20:32:26 +0300
Processing by Api::MessagesController#random_greeting as HTML
  [1m[36mMessage Load (0.4ms)[0m  [1m[34mSELECT "messages".* FROM "messages" ORDER BY RANDOM() LIMIT $1[0m  [["LIMIT", 1]]
  ↳ app/controllers/api/messages_controller.rb:3:in `random_greeting'
Completed 200 OK in 8ms (Views: 0.4ms | ActiveRecord: 0.4ms | Allocations: 746)


Started GET "//api/random_greeting" for 127.0.0.1 at 2023-09-29 21:22:46 +0300
Started GET "//api/random_greeting" for 127.0.0.1 at 2023-09-29 21:22:55 +0300
  [1m[36mActiveRecord::SchemaMigration Pluck (93.0ms)[0m  [1m[34mSELECT "schema_migrations"."version" FROM "schema_migrations" ORDER BY "schema_migrations"."version" ASC[0m
  
Zeitwerk::NameError (expected file C:/Users/Ryank/module-5-projects/hello-rails-back-end/app/controllers/api/messages_controller.rb to define constant Api::MessagesController, but didn't):
  
zeitwerk (2.6.12) lib/zeitwerk/loader/callbacks.rb:33:in `on_file_autoloaded'
zeitwerk (2.6.12) lib/zeitwerk/kernel.rb:31:in `require'
activesupport (7.0.8) lib/active_support/inflector/methods.rb:278:in `const_get'
activesupport (7.0.8) lib/active_support/inflector/methods.rb:278:in `constantize'
activesupport (7.0.8) lib/active_support/core_ext/string/inflections.rb:74:in `constantize'
actionpack (7.0.8) lib/action_dispatch/http/request.rb:90:in `controller_class_for'
actionpack (7.0.8) lib/action_dispatch/request/utils.rb:95:in `action_encoding_template'
actionpack (7.0.8) lib/action_dispatch/request/utils.rb:83:in `encode'
actionpack (7.0.8) lib/action_dispatch/request/utils.rb:45:in `set_binary_encoding'
actionpack (7.0.8) lib/action_dispatch/http/parameters.rb:68:in `path_parameters='
actionpack (7.0.8) lib/action_dispatch/journey/router.rb:48:in `block in serve'
actionpack (7.0.8) lib/action_dispatch/journey/router.rb:32:in `each'
actionpack (7.0.8) lib/action_dispatch/journey/router.rb:32:in `serve'
actionpack (7.0.8) lib/action_dispatch/routing/route_set.rb:852:in `call'
rack (2.2.8) lib/rack/tempfile_reaper.rb:15:in `call'
rack (2.2.8) lib/rack/etag.rb:27:in `call'
rack (2.2.8) lib/rack/conditional_get.rb:27:in `call'
rack (2.2.8) lib/rack/head.rb:12:in `call'
actionpack (7.0.8) lib/action_dispatch/http/permissions_policy.rb:38:in `call'
actionpack (7.0.8) lib/action_dispatch/http/content_security_policy.rb:36:in `call'
rack (2.2.8) lib/rack/session/abstract/id.rb:266:in `context'
rack (2.2.8) lib/rack/session/abstract/id.rb:260:in `call'
actionpack (7.0.8) lib/action_dispatch/middleware/cookies.rb:704:in `call'
activerecord (7.0.8) lib/active_record/migration.rb:638:in `call'
actionpack (7.0.8) lib/action_dispatch/middleware/callbacks.rb:27:in `block in call'
activesupport (7.0.8) lib/active_support/callbacks.rb:99:in `run_callbacks'
actionpack (7.0.8) lib/action_dispatch/middleware/callbacks.rb:26:in `call'
actionpack (7.0.8) lib/action_dispatch/middleware/executor.rb:14:in `call'
actionpack (7.0.8) lib/action_dispatch/middleware/actionable_exceptions.rb:17:in `call'
actionpack (7.0.8) lib/action_dispatch/middleware/debug_exceptions.rb:28:in `call'
web-console (4.2.1) lib/web_console/middleware.rb:132:in `call_app'
web-console (4.2.1) lib/web_console/middleware.rb:28:in `block in call'
web-console (4.2.1) lib/web_console/middleware.rb:17:in `catch'
web-console (4.2.1) lib/web_console/middleware.rb:17:in `call'
actionpack (7.0.8) lib/action_dispatch/middleware/show_exceptions.rb:29:in `call'
railties (7.0.8) lib/rails/rack/logger.rb:40:in `call_app'
railties (7.0.8) lib/rails/rack/logger.rb:25:in `block in call'
activesupport (7.0.8) lib/active_support/tagged_logging.rb:99:in `block in tagged'
activesupport (7.0.8) lib/active_support/tagged_logging.rb:37:in `tagged'
activesupport (7.0.8) lib/active_support/tagged_logging.rb:99:in `tagged'
railties (7.0.8) lib/rails/rack/logger.rb:25:in `call'
sprockets-rails (3.4.2) lib/sprockets/rails/quiet_assets.rb:13:in `call'
actionpack (7.0.8) lib/action_dispatch/middleware/remote_ip.rb:93:in `call'
actionpack (7.0.8) lib/action_dispatch/middleware/request_id.rb:26:in `call'
rack (2.2.8) lib/rack/method_override.rb:24:in `call'
rack (2.2.8) lib/rack/runtime.rb:22:in `call'
activesupport (7.0.8) lib/active_support/cache/strategy/local_cache_middleware.rb:29:in `call'
actionpack (7.0.8) lib/action_dispatch/middleware/server_timing.rb:61:in `block in call'
actionpack (7.0.8) lib/action_dispatch/middleware/server_timing.rb:26:in `collect_events'
actionpack (7.0.8) lib/action_dispatch/middleware/server_timing.rb:60:in `call'
actionpack (7.0.8) lib/action_dispatch/middleware/executor.rb:14:in `call'
actionpack (7.0.8) lib/action_dispatch/middleware/static.rb:23:in `call'
rack (2.2.8) lib/rack/sendfile.rb:110:in `call'
actionpack (7.0.8) lib/action_dispatch/middleware/host_authorization.rb:138:in `call'
rack-cors (2.0.1) lib/rack/cors.rb:102:in `call'
railties (7.0.8) lib/rails/engine.rb:530:in `call'
puma (5.6.7) lib/puma/configuration.rb:252:in `call'
puma (5.6.7) lib/puma/request.rb:77:in `block in handle_request'
puma (5.6.7) lib/puma/thread_pool.rb:340:in `with_force_shutdown'
puma (5.6.7) lib/puma/request.rb:76:in `handle_request'
puma (5.6.7) lib/puma/server.rb:443:in `process_client'
puma (5.6.7) lib/puma/thread_pool.rb:147:in `block in spawn_thread'
  
TypeError (superclass mismatch for class MessagesController):
  
app/controllers/api/messages_controller.rb:4:in `<main>'
Started GET "//api/random_greeting" for 127.0.0.1 at 2023-09-29 21:23:06 +0300
  
TypeError (superclass mismatch for class MessagesController):
  
app/controllers/api/messages_controller.rb:4:in `<main>'
Started GET "//api/random_greeting" for 127.0.0.1 at 2023-09-29 21:24:19 +0300
Processing by Api::MessagesController#random_greeting as HTML
  [1m[36mMessage Load (147.9ms)[0m  [1m[34mSELECT "messages".* FROM "messages" ORDER BY RANDOM() LIMIT $1[0m  [["LIMIT", 1]]
  ↳ app/controllers/api/messages_controller.rb:7:in `random_greeting'
Completed 200 OK in 588ms (Views: 0.2ms | ActiveRecord: 513.2ms | Allocations: 3212)


Started GET "//api/random_greeting" for 127.0.0.1 at 2023-09-29 21:24:22 +0300
Processing by Api::MessagesController#random_greeting as HTML
  [1m[36mMessage Load (0.3ms)[0m  [1m[34mSELECT "messages".* FROM "messages" ORDER BY RANDOM() LIMIT $1[0m  [["LIMIT", 1]]
  ↳ app/controllers/api/messages_controller.rb:7:in `random_greeting'
Completed 200 OK in 6ms (Views: 0.1ms | ActiveRecord: 0.3ms | Allocations: 745)


Started GET "//api/random_greeting" for 127.0.0.1 at 2023-09-29 21:24:22 +0300
Processing by Api::MessagesController#random_greeting as HTML
  [1m[36mMessage Load (0.5ms)[0m  [1m[34mSELECT "messages".* FROM "messages" ORDER BY RANDOM() LIMIT $1[0m  [["LIMIT", 1]]
  ↳ app/controllers/api/messages_controller.rb:7:in `random_greeting'
Completed 200 OK in 8ms (Views: 0.2ms | ActiveRecord: 0.5ms | Allocations: 745)


Started GET "//api/random_greeting" for 127.0.0.1 at 2023-09-29 21:24:22 +0300
Processing by Api::MessagesController#random_greeting as HTML
  [1m[36mMessage Load (0.4ms)[0m  [1m[34mSELECT "messages".* FROM "messages" ORDER BY RANDOM() LIMIT $1[0m  [["LIMIT", 1]]
  ↳ app/controllers/api/messages_controller.rb:7:in `random_greeting'
Completed 200 OK in 6ms (Views: 0.2ms | ActiveRecord: 0.4ms | Allocations: 745)


Started GET "//api/random_greeting" for 127.0.0.1 at 2023-09-29 21:26:40 +0300
Processing by Api::MessagesController#random_greeting as HTML
  [1m[36mMessage Load (0.5ms)[0m  [1m[34mSELECT "messages".* FROM "messages" ORDER BY RANDOM() LIMIT $1[0m  [["LIMIT", 1]]
  ↳ app/controllers/api/messages_controller.rb:3:in `random_greeting'
Completed 200 OK in 20ms (Views: 0.2ms | ActiveRecord: 3.9ms | Allocations: 2944)


Started GET "//api/random_greeting" for 127.0.0.1 at 2023-09-29 21:26:42 +0300
Processing by Api::MessagesController#random_greeting as HTML
  [1m[36mMessage Load (0.3ms)[0m  [1m[34mSELECT "messages".* FROM "messages" ORDER BY RANDOM() LIMIT $1[0m  [["LIMIT", 1]]
  ↳ app/controllers/api/messages_controller.rb:3:in `random_greeting'
Completed 200 OK in 6ms (Views: 0.2ms | ActiveRecord: 0.3ms | Allocations: 746)


Started GET "//api/random_greeting" for 127.0.0.1 at 2023-09-29 21:27:10 +0300
Processing by Api::MessagesController#random_greeting as HTML
  [1m[36mMessage Load (0.4ms)[0m  [1m[34mSELECT "messages".* FROM "messages" ORDER BY RANDOM() LIMIT $1[0m  [["LIMIT", 1]]
  ↳ app/controllers/api/messages_controller.rb:3:in `random_greeting'
Completed 200 OK in 21ms (Views: 0.1ms | ActiveRecord: 4.3ms | Allocations: 2944)


Started GET "//api/random_greeting" for 127.0.0.1 at 2023-09-29 21:27:12 +0300
Processing by Api::MessagesController#random_greeting as HTML
  [1m[36mMessage Load (0.3ms)[0m  [1m[34mSELECT "messages".* FROM "messages" ORDER BY RANDOM() LIMIT $1[0m  [["LIMIT", 1]]
  ↳ app/controllers/api/messages_controller.rb:3:in `random_greeting'
Completed 200 OK in 38ms (Views: 0.2ms | ActiveRecord: 0.3ms | Allocations: 746)


Started GET "//api/random_greeting" for 127.0.0.1 at 2023-09-29 21:40:50 +0300
Processing by Api::MessagesController#random_greeting as HTML
  [1m[36mMessage Load (2.3ms)[0m  [1m[34mSELECT "messages".* FROM "messages" ORDER BY RANDOM() LIMIT $1[0m  [["LIMIT", 1]]
  ↳ app/controllers/api/messages_controller.rb:3:in `random_greeting'
Completed 200 OK in 144ms (Views: 0.2ms | ActiveRecord: 18.9ms | Allocations: 3692)


Started GET "//api/random_greeting" for 127.0.0.1 at 2023-09-29 21:40:50 +0300
Processing by Api::MessagesController#random_greeting as HTML
  [1m[36mMessage Load (0.3ms)[0m  [1m[34mSELECT "messages".* FROM "messages" ORDER BY RANDOM() LIMIT $1[0m  [["LIMIT", 1]]
  ↳ app/controllers/api/messages_controller.rb:3:in `random_greeting'
Completed 200 OK in 8ms (Views: 0.2ms | ActiveRecord: 0.3ms | Allocations: 746)


